Connecting to mydb at 192.168.27.157:3306 as Hero ...
Purging rows older than Thu Dec 18 2025 05:47:43 GMT+0530 (India Standard Time) | batch=5000 sleep=100ms (archive -> mydb_history, then batched delete)

    PackingScan ... purged 125000 so far (25 batches, 5s)
    PackingScan ... purged 250000 so far (50 batches, 9s)
    PackingScan ... purged 375000 so far (75 batches, 14s)
    PackingScan ... purged 500000 so far (100 batches, 20s)
    PackingScan ... purged 625000 so far (125 batches, 25s)
    PackingScan ... purged 750000 so far (150 batches, 30s)
    PackingScan ... purged 875000 so far (175 batches, 35s)
    PackingScan ... purged 1000000 so far (200 batches, 40s)
    PackingScan ... purged 1125000 so far (225 batches, 45s)
    PackingScan ... purged 1250000 so far (250 batches, 50s)
    PackingScan ... purged 1375000 so far (275 batches, 55s)
    PackingScan ... purged 1500000 so far (300 batches, 60s)
    PackingScan ... purged 1625000 so far (325 batches, 65s)
    PackingScan ... purged 1750000 so far (350 batches, 70s)
    PackingScan ... purged 1875000 so far (375 batches, 75s)
    PackingScan ... purged 2000000 so far (400 batches, 80s)
    PackingScan ... purged 2125000 so far (425 batches, 85s)
    PackingScan ... purged 2250000 so far (450 batches, 90s)
    PackingScan ... purged 2375000 so far (475 batches, 94s)
    PackingScan ... purged 2500000 so far (500 batches, 99s)
    PackingScan ... purged 2625000 so far (525 batches, 104s)
    PackingScan ... purged 2750000 so far (550 batches, 109s)
    PackingScan ... purged 2875000 so far (575 batches, 114s)
    PackingScan ... purged 3000000 so far (600 batches, 119s)
    PackingScan ... purged 3125000 so far (625 batches, 124s)
    PackingScan ... purged 3250000 so far (650 batches, 128s)
    PackingScan ... purged 3375000 so far (675 batches, 133s)
    PackingScan ... purged 3500000 so far (700 batches, 138s)
    PackingScan ... purged 3625000 so far (725 batches, 143s)
    PackingScan ... purged 3750000 so far (750 batches, 147s)
    PackingScan ... purged 3875000 so far (775 batches, 152s)
    PackingScan ... purged 4000000 so far (800 batches, 157s)
    PackingScan ... purged 4125000 so far (825 batches, 162s)
    PackingScan ... purged 4250000 so far (850 batches, 167s)
    PackingScan ... purged 4375000 so far (875 batches, 172s)
  PackingScan                            archived=  4427834  purged=  4427834  (886 batches, 176s)
    DispatchScan ... purged 125000 so far (25 batches, 6s)
    DispatchScan ... purged 250000 so far (50 batches, 12s)
    DispatchScan ... purged 375000 so far (75 batches, 17s)
    DispatchScan ... purged 500000 so far (100 batches, 22s)
    DispatchScan ... purged 625000 so far (125 batches, 27s)
    DispatchScan ... purged 750000 so far (150 batches, 32s)
    DispatchScan ... purged 875000 so far (175 batches, 37s)
    DispatchScan ... purged 1000000 so far (200 batches, 41s)
    DispatchScan ... purged 1125000 so far (225 batches, 46s)
    DispatchScan ... purged 1250000 so far (250 batches, 51s)
    DispatchScan ... purged 1375000 so far (275 batches, 57s)
  DispatchScan                           archived=  1456153  purged=  1456153  (292 batches, 61s)
    BulkScan ... purged 125000 so far (25 batches, 5s)
    BulkScan ... purged 250000 so far (50 batches, 10s)
  BulkScan                               archived=   330949  purged=   330949  (67 batches, 13s)
    FR0Scan ... purged 125000 so far (25 batches, 5s)
    FR0Scan ... purged 250000 so far (50 batches, 10s)
    FR0Scan ... purged 375000 so far (75 batches, 15s)
    FR0Scan ... purged 500000 so far (100 batches, 20s)
    FR0Scan ... purged 625000 so far (125 batches, 25s)
    FR0Scan ... purged 750000 so far (150 batches, 30s)
    FR0Scan ... purged 875000 so far (175 batches, 35s)
  FR0Scan                                archived=   881282  purged=   881282  (177 batches, 36s)
  CLScans                                archived=        0  purged=        0  (0 batches, 0s)
  ManualWarehouse                        archived=     1099  purged=     1099  (1 batches, 0s)
  FR0BulkHOTO                            archived=        0  purged=        0  (0 batches, 0s)
  fasttrackscan                          archived=    17994  purged=    17994  (4 batches, 1s)
  CourierHandover                        archived=    18014  purged=    18014  (4 batches, 2s)
  MetalFrameFittingScan                  archived=        0  purged=        0  (0 batches, 0s)
  ndd_shipments                          archived=        0  purged=        0  (0 batches, 0s)
  MaintenanceShopIssue                   archived=       39  purged=       39  (1 batches, 0s)
  scanned_barcode_inventory_transfer     archived=        0  purged=        0  (0 batches, 0s)

Phase 'purge' complete.
